[ 2015-09-10T18:32:24+08:00 ] 127.0.0.1 /trunk/index.php/push/server2
INFO: [ route_check ] --START--
INFO: Run CheckRoute Behavior [ RunTime:0.000347s ]
INFO: [ route_check ] --END-- [ RunTime:0.000401s ]
NOTIC: [8192] preg_replace(): The /e modifier is deprecated, use preg_replace_callback instead /Library/WebServer/Documents/test/16/trunk/ThinkPHP/Lib/Core/Dispatcher.class.php 第 125 行.
NOTIC: [8192] preg_replace(): The /e modifier is deprecated, use preg_replace_callback instead /Library/WebServer/Documents/test/16/trunk/ThinkPHP/Common/common.php 第 171 行.
INFO: [ app_begin ] --START--
INFO: Run ReadHtmlCache Behavior [ RunTime:0.000249s ]
INFO: [ app_begin ] --END-- [ RunTime:0.000279s ]
INFO: [ action_begin ] --START--
INFO: Run AuthCheck Behavior [ RunTime:0.000244s ]
INFO: [ action_begin ] --END-- [ RunTime:0.000270s ]
NOTIC: [8192] mysql_connect(): The mysql extension is deprecated and will be removed in the future: use mysqli or PDO instead /Library/WebServer/Documents/test/16/trunk/ThinkPHP/Lib/Driver/Db/DbMysql.class.php 第 55 行.
SQL: SHOW COLUMNS FROM `onethink_push` [ RunTime:0.009383s ]
NOTIC: [8192] preg_replace(): The /e modifier is deprecated, use preg_replace_callback instead /Library/WebServer/Documents/test/16/trunk/ThinkPHP/Lib/Core/Db.class.php 第 601 行.
SQL: SELECT * FROM `onethink_push` WHERE ( `user_id` = 2 ) AND ( `time` <= 1441881123 ) LIMIT 1   [ RunTime:0.003317s ]
NOTIC: [8192] preg_replace(): The /e modifier is deprecated, use preg_replace_callback instead /Library/WebServer/Documents/test/16/trunk/ThinkPHP/Lib/Core/Db.class.php 第 601 行.
SQL: SELECT * FROM `onethink_push` WHERE ( `user_id` = 2 ) AND ( `time` <= 1441881125 ) LIMIT 1   [ RunTime:0.004029s ]
NOTIC: [8192] preg_replace(): The /e modifier is deprecated, use preg_replace_callback instead /Library/WebServer/Documents/test/16/trunk/ThinkPHP/Lib/Core/Db.class.php 第 601 行.
SQL: SELECT * FROM `onethink_push` WHERE ( `user_id` = 2 ) AND ( `time` <= 1441881127 ) LIMIT 1   [ RunTime:0.002644s ]
NOTIC: [8192] preg_replace(): The /e modifier is deprecated, use preg_replace_callback instead /Library/WebServer/Documents/test/16/trunk/ThinkPHP/Lib/Core/Db.class.php 第 601 行.
SQL: SELECT * FROM `onethink_push` WHERE ( `user_id` = 2 ) AND ( `time` <= 1441881129 ) LIMIT 1   [ RunTime:0.002495s ]
NOTIC: [8192] preg_replace(): The /e modifier is deprecated, use preg_replace_callback instead /Library/WebServer/Documents/test/16/trunk/ThinkPHP/Lib/Core/Db.class.php 第 601 行.
SQL: SELECT * FROM `onethink_push` WHERE ( `user_id` = 2 ) AND ( `time` <= 1441881131 ) LIMIT 1   [ RunTime:0.002716s ]
NOTIC: [8192] preg_replace(): The /e modifier is deprecated, use preg_replace_callback instead /Library/WebServer/Documents/test/16/trunk/ThinkPHP/Lib/Core/Db.class.php 第 601 行.
SQL: SELECT * FROM `onethink_push` WHERE ( `user_id` = 2 ) AND ( `time` <= 1441881133 ) LIMIT 1   [ RunTime:0.002573s ]
NOTIC: [8192] preg_replace(): The /e modifier is deprecated, use preg_replace_callback instead /Library/WebServer/Documents/test/16/trunk/ThinkPHP/Lib/Core/Db.class.php 第 601 行.
SQL: SELECT * FROM `onethink_push` WHERE ( `user_id` = 2 ) AND ( `time` <= 1441881135 ) LIMIT 1   [ RunTime:0.002400s ]
NOTIC: [8192] preg_replace(): The /e modifier is deprecated, use preg_replace_callback instead /Library/WebServer/Documents/test/16/trunk/ThinkPHP/Lib/Core/Db.class.php 第 601 行.
SQL: SELECT * FROM `onethink_push` WHERE ( `user_id` = 2 ) AND ( `time` <= 1441881137 ) LIMIT 1   [ RunTime:0.002634s ]
NOTIC: [8192] preg_replace(): The /e modifier is deprecated, use preg_replace_callback instead /Library/WebServer/Documents/test/16/trunk/ThinkPHP/Lib/Core/Db.class.php 第 601 行.
SQL: SELECT * FROM `onethink_push` WHERE ( `user_id` = 2 ) AND ( `time` <= 1441881139 ) LIMIT 1   [ RunTime:0.002774s ]
NOTIC: [8192] preg_replace(): The /e modifier is deprecated, use preg_replace_callback instead /Library/WebServer/Documents/test/16/trunk/ThinkPHP/Lib/Core/Db.class.php 第 601 行.
SQL: SELECT * FROM `onethink_push` WHERE ( `user_id` = 2 ) AND ( `time` <= 1441881141 ) LIMIT 1   [ RunTime:0.002668s ]

[ 2015-09-10T18:32:44+08:00 ] 127.0.0.1 /trunk/index.php/push/server2
INFO: [ route_check ] --START--
INFO: Run CheckRoute Behavior [ RunTime:0.000317s ]
INFO: [ route_check ] --END-- [ RunTime:0.000359s ]
NOTIC: [8192] preg_replace(): The /e modifier is deprecated, use preg_replace_callback instead /Library/WebServer/Documents/test/16/trunk/ThinkPHP/Lib/Core/Dispatcher.class.php 第 125 行.
NOTIC: [8192] preg_replace(): The /e modifier is deprecated, use preg_replace_callback instead /Library/WebServer/Documents/test/16/trunk/ThinkPHP/Common/common.php 第 171 行.
INFO: [ app_begin ] --START--
INFO: Run ReadHtmlCache Behavior [ RunTime:0.000202s ]
INFO: [ app_begin ] --END-- [ RunTime:0.000224s ]
INFO: [ action_begin ] --START--
INFO: Run AuthCheck Behavior [ RunTime:0.000239s ]
INFO: [ action_begin ] --END-- [ RunTime:0.000265s ]
NOTIC: [8192] mysql_connect(): The mysql extension is deprecated and will be removed in the future: use mysqli or PDO instead /Library/WebServer/Documents/test/16/trunk/ThinkPHP/Lib/Driver/Db/DbMysql.class.php 第 55 行.
SQL: SHOW COLUMNS FROM `onethink_push` [ RunTime:0.012742s ]
NOTIC: [8192] preg_replace(): The /e modifier is deprecated, use preg_replace_callback instead /Library/WebServer/Documents/test/16/trunk/ThinkPHP/Lib/Core/Db.class.php 第 601 行.
SQL: SELECT * FROM `onethink_push` WHERE ( `user_id` = 2 ) AND ( `time` <= 1441881143 ) LIMIT 1   [ RunTime:0.002802s ]
NOTIC: [8192] preg_replace(): The /e modifier is deprecated, use preg_replace_callback instead /Library/WebServer/Documents/test/16/trunk/ThinkPHP/Lib/Core/Db.class.php 第 601 行.
SQL: SELECT * FROM `onethink_push` WHERE ( `user_id` = 2 ) AND ( `time` <= 1441881145 ) LIMIT 1   [ RunTime:0.002547s ]
NOTIC: [8192] preg_replace(): The /e modifier is deprecated, use preg_replace_callback instead /Library/WebServer/Documents/test/16/trunk/ThinkPHP/Lib/Core/Db.class.php 第 601 行.
SQL: SELECT * FROM `onethink_push` WHERE ( `user_id` = 2 ) AND ( `time` <= 1441881147 ) LIMIT 1   [ RunTime:0.002601s ]
NOTIC: [8192] preg_replace(): The /e modifier is deprecated, use preg_replace_callback instead /Library/WebServer/Documents/test/16/trunk/ThinkPHP/Lib/Core/Db.class.php 第 601 行.
SQL: SELECT * FROM `onethink_push` WHERE ( `user_id` = 2 ) AND ( `time` <= 1441881149 ) LIMIT 1   [ RunTime:0.002665s ]
NOTIC: [8192] preg_replace(): The /e modifier is deprecated, use preg_replace_callback instead /Library/WebServer/Documents/test/16/trunk/ThinkPHP/Lib/Core/Db.class.php 第 601 行.
SQL: SELECT * FROM `onethink_push` WHERE ( `user_id` = 2 ) AND ( `time` <= 1441881151 ) LIMIT 1   [ RunTime:0.002471s ]
NOTIC: [8192] preg_replace(): The /e modifier is deprecated, use preg_replace_callback instead /Library/WebServer/Documents/test/16/trunk/ThinkPHP/Lib/Core/Db.class.php 第 601 行.
SQL: SELECT * FROM `onethink_push` WHERE ( `user_id` = 2 ) AND ( `time` <= 1441881153 ) LIMIT 1   [ RunTime:0.002828s ]
NOTIC: [8192] preg_replace(): The /e modifier is deprecated, use preg_replace_callback instead /Library/WebServer/Documents/test/16/trunk/ThinkPHP/Lib/Core/Db.class.php 第 601 行.
SQL: SELECT * FROM `onethink_push` WHERE ( `user_id` = 2 ) AND ( `time` <= 1441881155 ) LIMIT 1   [ RunTime:0.002604s ]
NOTIC: [8192] preg_replace(): The /e modifier is deprecated, use preg_replace_callback instead /Library/WebServer/Documents/test/16/trunk/ThinkPHP/Lib/Core/Db.class.php 第 601 行.
SQL: SELECT * FROM `onethink_push` WHERE ( `user_id` = 2 ) AND ( `time` <= 1441881157 ) LIMIT 1   [ RunTime:0.002467s ]
NOTIC: [8192] preg_replace(): The /e modifier is deprecated, use preg_replace_callback instead /Library/WebServer/Documents/test/16/trunk/ThinkPHP/Lib/Core/Db.class.php 第 601 行.
SQL: SELECT * FROM `onethink_push` WHERE ( `user_id` = 2 ) AND ( `time` <= 1441881159 ) LIMIT 1   [ RunTime:0.003520s ]
NOTIC: [8192] preg_replace(): The /e modifier is deprecated, use preg_replace_callback instead /Library/WebServer/Documents/test/16/trunk/ThinkPHP/Lib/Core/Db.class.php 第 601 行.
SQL: SELECT * FROM `onethink_push` WHERE ( `user_id` = 2 ) AND ( `time` <= 1441881161 ) LIMIT 1   [ RunTime:0.002883s ]

[ 2015-09-10T18:33:05+08:00 ] 127.0.0.1 /trunk/index.php/push/server2
INFO: [ route_check ] --START--
INFO: Run CheckRoute Behavior [ RunTime:0.000837s ]
INFO: [ route_check ] --END-- [ RunTime:0.000912s ]
NOTIC: [8192] preg_replace(): The /e modifier is deprecated, use preg_replace_callback instead /Library/WebServer/Documents/test/16/trunk/ThinkPHP/Lib/Core/Dispatcher.class.php 第 125 行.
NOTIC: [8192] preg_replace(): The /e modifier is deprecated, use preg_replace_callback instead /Library/WebServer/Documents/test/16/trunk/ThinkPHP/Common/common.php 第 171 行.
INFO: [ app_begin ] --START--
INFO: Run ReadHtmlCache Behavior [ RunTime:0.000565s ]
INFO: [ app_begin ] --END-- [ RunTime:0.000608s ]
INFO: [ action_begin ] --START--
INFO: Run AuthCheck Behavior [ RunTime:0.000495s ]
INFO: [ action_begin ] --END-- [ RunTime:0.000540s ]
NOTIC: [8192] mysql_connect(): The mysql extension is deprecated and will be removed in the future: use mysqli or PDO instead /Library/WebServer/Documents/test/16/trunk/ThinkPHP/Lib/Driver/Db/DbMysql.class.php 第 55 行.
SQL: SHOW COLUMNS FROM `onethink_push` [ RunTime:0.011409s ]
NOTIC: [8192] preg_replace(): The /e modifier is deprecated, use preg_replace_callback instead /Library/WebServer/Documents/test/16/trunk/ThinkPHP/Lib/Core/Db.class.php 第 601 行.
SQL: SELECT * FROM `onethink_push` WHERE ( `user_id` = 2 ) AND ( `time` <= 1441881163 ) LIMIT 1   [ RunTime:0.002856s ]
NOTIC: [8192] preg_replace(): The /e modifier is deprecated, use preg_replace_callback instead /Library/WebServer/Documents/test/16/trunk/ThinkPHP/Lib/Core/Db.class.php 第 601 行.
SQL: SELECT * FROM `onethink_push` WHERE ( `user_id` = 2 ) AND ( `time` <= 1441881165 ) LIMIT 1   [ RunTime:0.011023s ]
NOTIC: [8192] preg_replace(): The /e modifier is deprecated, use preg_replace_callback instead /Library/WebServer/Documents/test/16/trunk/ThinkPHP/Lib/Core/Db.class.php 第 601 行.
SQL: SELECT * FROM `onethink_push` WHERE ( `user_id` = 2 ) AND ( `time` <= 1441881167 ) LIMIT 1   [ RunTime:0.002699s ]
NOTIC: [8192] preg_replace(): The /e modifier is deprecated, use preg_replace_callback instead /Library/WebServer/Documents/test/16/trunk/ThinkPHP/Lib/Core/Db.class.php 第 601 行.
SQL: SELECT * FROM `onethink_push` WHERE ( `user_id` = 2 ) AND ( `time` <= 1441881169 ) LIMIT 1   [ RunTime:0.002706s ]
NOTIC: [8192] preg_replace(): The /e modifier is deprecated, use preg_replace_callback instead /Library/WebServer/Documents/test/16/trunk/ThinkPHP/Lib/Core/Db.class.php 第 601 行.
SQL: SELECT * FROM `onethink_push` WHERE ( `user_id` = 2 ) AND ( `time` <= 1441881171 ) LIMIT 1   [ RunTime:0.002518s ]
NOTIC: [8192] preg_replace(): The /e modifier is deprecated, use preg_replace_callback instead /Library/WebServer/Documents/test/16/trunk/ThinkPHP/Lib/Core/Db.class.php 第 601 行.
SQL: SELECT * FROM `onethink_push` WHERE ( `user_id` = 2 ) AND ( `time` <= 1441881173 ) LIMIT 1   [ RunTime:0.053032s ]
NOTIC: [8192] preg_replace(): The /e modifier is deprecated, use preg_replace_callback instead /Library/WebServer/Documents/test/16/trunk/ThinkPHP/Lib/Core/Db.class.php 第 601 行.
SQL: SELECT * FROM `onethink_push` WHERE ( `user_id` = 2 ) AND ( `time` <= 1441881176 ) LIMIT 1   [ RunTime:0.002528s ]
NOTIC: [8192] preg_replace(): The /e modifier is deprecated, use preg_replace_callback instead /Library/WebServer/Documents/test/16/trunk/ThinkPHP/Lib/Core/Db.class.php 第 601 行.
SQL: SELECT * FROM `onethink_push` WHERE ( `user_id` = 2 ) AND ( `time` <= 1441881178 ) LIMIT 1   [ RunTime:0.002470s ]
NOTIC: [8192] preg_replace(): The /e modifier is deprecated, use preg_replace_callback instead /Library/WebServer/Documents/test/16/trunk/ThinkPHP/Lib/Core/Db.class.php 第 601 行.
SQL: SELECT * FROM `onethink_push` WHERE ( `user_id` = 2 ) AND ( `time` <= 1441881180 ) LIMIT 1   [ RunTime:0.003857s ]
NOTIC: [8192] preg_replace(): The /e modifier is deprecated, use preg_replace_callback instead /Library/WebServer/Documents/test/16/trunk/ThinkPHP/Lib/Core/Db.class.php 第 601 行.
SQL: SELECT * FROM `onethink_push` WHERE ( `user_id` = 2 ) AND ( `time` <= 1441881182 ) LIMIT 1   [ RunTime:0.002964s ]

